<!DOCTYPE html PUBLIC "-//W3C//DTD XHTML 1.1//EN" "http://www.w3.org/TR/xhtml11/DTD/xhtml11.dtd">
<html xmlns="http://www.w3.org/1999/xhtml">
<head>
<meta http-equiv="content-type" content="text/html; charset=UTF-8"/>
<title>TestNG Report</title>
<style type="text/css">table {margin-bottom:10px;border-collapse:collapse;empty-cells:show}th,td {border:1px solid #009;padding:.25em .5em}th {vertical-align:bottom}td {vertical-align:top}table a {font-weight:bold}.stripe td {background-color: #E6EBF9}.num {text-align:right}.passedodd td {background-color: #3F3}.passedeven td {background-color: #0A0}.skippedodd td {background-color: #DDD}.skippedeven td {background-color: #CCC}.failedodd td,.attn {background-color: #F33}.failedeven td,.stripe .attn {background-color: #D00}.stacktrace {white-space:pre;font-family:monospace}.totop {font-size:85%;text-align:center;border-bottom:2px solid #000}.invisible {display:none}</style>
</head>
<body>
<table>
<tr><th>Test</th><th># Passed</th><th># Skipped</th><th># Retried</th><th># Failed</th><th>Time (ms)</th><th>Included Groups</th><th>Excluded Groups</th></tr>
<tr><th colspan="8">DealX-Aut-Practical</th></tr>
<tr><td><a href="#t0">Deal-X Aut Test</a></td><td class="num">7</td><td class="num">0</td><td class="num">0</td><td class="num attn">5</td><td class="num">168Â 929</td><td></td><td></td></tr>
</table>
<table id='summary'><thead><tr><th>Class</th><th>Method</th><th>Start</th><th>Time (ms)</th></tr></thead><tbody><tr><th colspan="4">DealX-Aut-Practical</th></tr></tbody><tbody id="t0"><tr><th colspan="4">Deal-X Aut Test &#8212; failed</th></tr><tr class="failedeven"><td rowspan="1">org.dealx.testCases.TC3</td><td><a href="#m0">performSearch</a></td><td rowspan="1">1653161157253</td><td rowspan="1">9478</td></tr><tr class="failedodd"><td rowspan="1">org.dealx.testCases.TC4</td><td><a href="#m1">login</a></td><td rowspan="1">1653161190591</td><td rowspan="1">15254</td></tr><tr class="failedeven"><td rowspan="1">org.dealx.testCases.TC5</td><td><a href="#m2">addToCart</a></td><td rowspan="1">1653161207073</td><td rowspan="1">32960</td></tr><tr class="failedodd"><td rowspan="1">org.dealx.testCases.TC6_A</td><td><a href="#m3">navigateMenu</a></td><td rowspan="1">1653161241277</td><td rowspan="1">21946</td></tr><tr class="failedeven"><td rowspan="1">org.dealx.testCases.TC6_B</td><td><a href="#m4">navigateSubCat</a></td><td rowspan="1">1653161264208</td><td rowspan="1">13024</td></tr><tr><th colspan="4">Deal-X Aut Test &#8212; passed</th></tr><tr class="passedeven"><td rowspan="1">org.dealx.testCases.TC1</td><td><a href="#m5">searchQuery</a></td><td rowspan="1">1653161110194</td><td rowspan="1">18698</td></tr><tr class="passedodd"><td rowspan="1">org.dealx.testCases.TC2</td><td><a href="#m6">searchQ</a></td><td rowspan="1">1653161129862</td><td rowspan="1">25259</td></tr><tr class="passedeven"><td rowspan="5">org.dealx.testCases.TC3</td><td><a href="#m7">performSearch</a></td><td rowspan="5">1653161175944</td><td rowspan="5">4278</td></tr><tr class="passedeven"><td><a href="#m8">performSearch</a></td></tr><tr class="passedeven"><td><a href="#m9">performSearch</a></td></tr><tr class="passedeven"><td><a href="#m10">performSearch</a></td></tr><tr class="passedeven"><td><a href="#m11">performSearch</a></td></tr></tbody>
</table>
<h2>Deal-X Aut Test</h2><h3 id="m0">org.dealx.testCases.TC3#performSearch</h3><table class="result"><tr class="param"><th>Parameter #1</th></tr><tr class="param stripe"><td>null</td></tr><tr><th>Exception</th></tr><tr><td><div class="stacktrace">java.lang.IllegalArgumentException: Keys to send should be a not null CharSequence
	at org.openqa.selenium.remote.RemoteWebElement.sendKeys(RemoteWebElement.java:97)
	at org.openqa.selenium.support.pagefactory.internal.LocatingElementHandler.invoke(LocatingElementHandler.java:51)
	at jdk.proxy2/jdk.proxy2.$Proxy17.sendKeys(Unknown Source)
	at org.dealx.pageObjects.TC1Objects.setQuery(TC1Objects.java:38)
	at org.dealx.testCases.TC3.performSearch(TC3.java:24)
	at java.base/java.util.ArrayList.forEach(ArrayList.java:1511)
... Removed 31 stack frames</div></td></tr></table><p class="totop"><a href="#summary">back to summary</a></p>
<h3 id="m1">org.dealx.testCases.TC4#login</h3><table class="result"><tr><th>Exception</th></tr><tr><td><div class="stacktrace">java.lang.AssertionError
	at org.junit.Assert.fail(Assert.java:87)
	at org.junit.Assert.assertTrue(Assert.java:42)
	at org.junit.Assert.assertTrue(Assert.java:53)
	at org.dealx.testCases.TC4.login(TC4.java:33)
	at java.base/java.util.ArrayList.forEach(ArrayList.java:1511)
... Removed 27 stack frames</div></td></tr></table><p class="totop"><a href="#summary">back to summary</a></p>
<h3 id="m2">org.dealx.testCases.TC5#addToCart</h3><table class="result"><tr><th>Exception</th></tr><tr><td><div class="stacktrace">org.openqa.selenium.NoSuchElementException: no such element: Unable to locate element: {&quot;method&quot;:&quot;xpath&quot;,&quot;selector&quot;:&quot;//input[@name=&quot;quantity_2_7_0_0&quot; and @class=&quot;cart_quantity_input form-control grey&quot;]&quot;}
  (Session info: chrome=101.0.4951.67)
For documentation on this error, please visit: https://www.seleniumhq.org/exceptions/no_such_element.html
Build info: version: &apos;3.141.59&apos;, revision: &apos;e82be7d358&apos;, time: &apos;2018-11-14T08:17:03&apos;
System info: host: &apos;NKOSI&apos;, ip: &apos;192.168.0.44&apos;, os.name: &apos;Windows 11&apos;, os.arch: &apos;amd64&apos;, os.version: &apos;10.0&apos;, java.version: &apos;17.0.2&apos;
Driver info: org.openqa.selenium.chrome.ChromeDriver
Capabilities {acceptInsecureCerts: false, browserName: chrome, browserVersion: 101.0.4951.67, chrome: {chromedriverVersion: 101.0.4951.41 (93c720db8323..., userDataDir: C:\Users\NKOSIN~1\AppData\L...}, goog:chromeOptions: {debuggerAddress: localhost:56525}, javascriptEnabled: true, networkConnectionEnabled: false, pageLoadStrategy: normal, platform: WINDOWS, platformName: WINDOWS, proxy: Proxy(), setWindowRect: true, strictFileInteractability: false, timeouts: {implicit: 0, pageLoad: 300000, script: 30000}, unhandledPromptBehavior: dismiss and notify, webauthn:extension:credBlob: true, webauthn:extension:largeBlob: true, webauthn:virtualAuthenticators: true}
Session ID: bbe514df0d97e2e15148e1edbc1d8e2e
*** Element info: {Using=xpath, value=//input[@name=&quot;quantity_2_7_0_0&quot; and @class=&quot;cart_quantity_input form-control grey&quot;]}
	at org.openqa.selenium.remote.http.W3CHttpResponseCodec.createException(W3CHttpResponseCodec.java:187)
	at org.openqa.selenium.remote.http.W3CHttpResponseCodec.decode(W3CHttpResponseCodec.java:122)
	at org.openqa.selenium.remote.http.W3CHttpResponseCodec.decode(W3CHttpResponseCodec.java:49)
	at org.openqa.selenium.remote.HttpCommandExecutor.execute(HttpCommandExecutor.java:158)
	at org.openqa.selenium.remote.service.DriverCommandExecutor.execute(DriverCommandExecutor.java:83)
	at org.openqa.selenium.remote.RemoteWebDriver.execute(RemoteWebDriver.java:552)
	at org.openqa.selenium.remote.RemoteWebDriver.findElement(RemoteWebDriver.java:323)
	at org.openqa.selenium.remote.RemoteWebDriver.findElementByXPath(RemoteWebDriver.java:428)
	at org.openqa.selenium.By$ByXPath.findElement(By.java:353)
	at org.openqa.selenium.remote.RemoteWebDriver.findElement(RemoteWebDriver.java:315)
	at org.openqa.selenium.support.pagefactory.DefaultElementLocator.findElement(DefaultElementLocator.java:69)
	at org.openqa.selenium.support.pagefactory.internal.LocatingElementHandler.invoke(LocatingElementHandler.java:38)
	at jdk.proxy2/jdk.proxy2.$Proxy17.getText(Unknown Source)
	at org.dealx.pageObjects.TC5Objects.getQuantity(TC5Objects.java:150)
	at org.dealx.testCases.TC5.addToCart(TC5.java:49)
	at java.base/java.util.ArrayList.forEach(ArrayList.java:1511)
... Removed 32 stack frames</div></td></tr></table><p class="totop"><a href="#summary">back to summary</a></p>
<h3 id="m3">org.dealx.testCases.TC6_A#navigateMenu</h3><table class="result"><tr><th>Exception</th></tr><tr><td><div class="stacktrace">java.lang.AssertionError: expected [true] but found [false]
	at org.dealx.testCases.TC6_A.navigateMenu(TC6_A.java:38)
	at java.base/java.util.ArrayList.forEach(ArrayList.java:1511)
... Removed 31 stack frames</div></td></tr></table><p class="totop"><a href="#summary">back to summary</a></p>
<h3 id="m4">org.dealx.testCases.TC6_B#navigateSubCat</h3><table class="result"><tr><th>Exception</th></tr><tr><td><div class="stacktrace">java.lang.AssertionError: expected [true] but found [false]
	at org.dealx.testCases.TC6_B.navigateSubCat(TC6_B.java:33)
	at java.base/java.util.ArrayList.forEach(ArrayList.java:1511)
... Removed 31 stack frames</div></td></tr></table><p class="totop"><a href="#summary">back to summary</a></p>
<h3 id="m5">org.dealx.testCases.TC1#searchQuery</h3><table class="result"><tr><th class="invisible"/></tr></table><p class="totop"><a href="#summary">back to summary</a></p>
<h3 id="m6">org.dealx.testCases.TC2#searchQ</h3><table class="result"><tr><th class="invisible"/></tr></table><p class="totop"><a href="#summary">back to summary</a></p>
<h3 id="m7">org.dealx.testCases.TC3#performSearch</h3><table class="result"><tr class="param"><th>Parameter #1</th></tr><tr class="param stripe"><td>Blouse</td></tr></table><p class="totop"><a href="#summary">back to summary</a></p>
<h3 id="m8">org.dealx.testCases.TC3#performSearch</h3><table class="result"><tr class="param"><th>Parameter #1</th></tr><tr class="param stripe"><td></td></tr></table><p class="totop"><a href="#summary">back to summary</a></p>
<h3 id="m9">org.dealx.testCases.TC3#performSearch</h3><table class="result"><tr class="param"><th>Parameter #1</th></tr><tr class="param stripe"><td></td></tr></table><p class="totop"><a href="#summary">back to summary</a></p>
<h3 id="m10">org.dealx.testCases.TC3#performSearch</h3><table class="result"><tr class="param"><th>Parameter #1</th></tr><tr class="param stripe"><td>Printed Dress</td></tr></table><p class="totop"><a href="#summary">back to summary</a></p>
<h3 id="m11">org.dealx.testCases.TC3#performSearch</h3><table class="result"><tr class="param"><th>Parameter #1</th></tr><tr class="param stripe"><td>Printed Chiffon Dress</td></tr></table><p class="totop"><a href="#summary">back to summary</a></p>
</body>
</html>
